<?xml version="1.0" encoding="UTF-8"?>
<testsuite name="albums.challenge.SearchServiceTest" tests="8" skipped="0" failures="0" errors="0" timestamp="2023-11-22T16:13:41" hostname="Georgs-MacBook-Pro.local" time="0.026">
  <properties/>
  <testcase name="testFilterMultipleFacetValues()" classname="albums.challenge.SearchServiceTest" time="0.017"/>
  <testcase name="testFilterMultipleFacets()" classname="albums.challenge.SearchServiceTest" time="0.001"/>
  <testcase name="testFilterReturnsZeroCount()" classname="albums.challenge.SearchServiceTest" time="0.001"/>
  <testcase name="testYearFacetGeneration()" classname="albums.challenge.SearchServiceTest" time="0.0"/>
  <testcase name="testPriceFacetGeneration()" classname="albums.challenge.SearchServiceTest" time="0.001"/>
  <testcase name="testSearchByGeneralKeyword()" classname="albums.challenge.SearchServiceTest" time="0.001"/>
  <testcase name="testSearchByExactKeyword()" classname="albums.challenge.SearchServiceTest" time="0.0"/>
  <testcase name="testEmptySearch()" classname="albums.challenge.SearchServiceTest" time="0.0"/>
  <system-out><![CDATA[]]></system-out>
  <system-err><![CDATA[]]></system-err>
</testsuite>
