<?xml version="1.0" encoding="UTF-8"?>
<testsuite name="albums.challenge.facecounters.ByYearFacetCounterTest" tests="2" skipped="0" failures="0" errors="0" timestamp="2023-11-22T16:13:41" hostname="Georgs-MacBook-Pro.local" time="0.002">
  <properties/>
  <testcase name="getYears_ordersByYear()" classname="albums.challenge.facecounters.ByYearFacetCounterTest" time="0.001"/>
  <testcase name="getYears_countsFrequency()" classname="albums.challenge.facecounters.ByYearFacetCounterTest" time="0.001"/>
  <system-out><![CDATA[]]></system-out>
  <system-err><![CDATA[]]></system-err>
</testsuite>
