<?xml version="1.0" encoding="UTF-8"?>
<testsuite name="albums.challenge.filters.year.YearFilterTest" tests="2" skipped="0" failures="0" errors="0" timestamp="2023-11-22T16:13:41" hostname="Georgs-MacBook-Pro.local" time="0.001">
  <properties/>
  <testcase name="matches_returnsTrueIfYearIsSame()" classname="albums.challenge.filters.year.YearFilterTest" time="0.001"/>
  <testcase name="matches_returnsTrueIfYearIsDifferent()" classname="albums.challenge.filters.year.YearFilterTest" time="0.0"/>
  <system-out><![CDATA[]]></system-out>
  <system-err><![CDATA[]]></system-err>
</testsuite>
