<?xml version="1.0" encoding="UTF-8"?>
<testsuite name="albums.challenge.filters.price.PriceRangeFilterTest" tests="1" skipped="0" failures="0" errors="0" timestamp="2023-11-22T16:13:41" hostname="Georgs-MacBook-Pro.local" time="0.001">
  <properties/>
  <testcase name="matches_doesNotIncludeFromRange()" classname="albums.challenge.filters.price.PriceRangeFilterTest" time="0.001"/>
  <system-out><![CDATA[]]></system-out>
  <system-err><![CDATA[]]></system-err>
</testsuite>
