<?xml version="1.0" encoding="UTF-8"?>
<testsuite name="albums.challenge.filters.FilterGroupsPredicateBuilderTest" tests="5" skipped="0" failures="0" errors="0" timestamp="2023-11-22T16:13:41" hostname="Georgs-MacBook-Pro.local" time="0.003">
  <properties/>
  <testcase name="allGroupsMatch_stillReturnsFalseIfAtLestOneNonSkippedGroupIsFalse()" classname="albums.challenge.filters.FilterGroupsPredicateBuilderTest" time="0.0"/>
  <testcase name="allGroupsMatch_returnsTrueWhenAllGroupsAreTrue()" classname="albums.challenge.filters.FilterGroupsPredicateBuilderTest" time="0.0"/>
  <testcase name="allGroupsMatch_onlyOneItemFromGroupShouldMatch()" classname="albums.challenge.filters.FilterGroupsPredicateBuilderTest" time="0.0"/>
  <testcase name="allGroupsMatch_allowsToSkipProvidedGroup()" classname="albums.challenge.filters.FilterGroupsPredicateBuilderTest" time="0.001"/>
  <testcase name="allGroupsMatch_returnsFalseIfAtLeastOneGroupIsFalse()" classname="albums.challenge.filters.FilterGroupsPredicateBuilderTest" time="0.0"/>
  <system-out><![CDATA[]]></system-out>
  <system-err><![CDATA[]]></system-err>
</testsuite>
