<?xml version="1.0" encoding="UTF-8"?>
<testsuite name="albums.challenge.filters.price.PriceRangeFilterFactoryTest" tests="4" skipped="0" failures="0" errors="0" timestamp="2023-11-22T16:13:41" hostname="Georgs-MacBook-Pro.local" time="0.007">
  <properties/>
  <testcase name="fromEntry_largeRange()" classname="albums.challenge.filters.price.PriceRangeFilterFactoryTest" time="0.003"/>
  <testcase name="fromValue_throwsWhenCannotParse()" classname="albums.challenge.filters.price.PriceRangeFilterFactoryTest" time="0.002"/>
  <testcase name="fromEntry_valueEqualToIntervalGoesToLowerRange()" classname="albums.challenge.filters.price.PriceRangeFilterFactoryTest" time="0.001"/>
  <testcase name="fromValue_parsesRangeFromText()" classname="albums.challenge.filters.price.PriceRangeFilterFactoryTest" time="0.001"/>
  <system-out><![CDATA[]]></system-out>
  <system-err><![CDATA[]]></system-err>
</testsuite>
